#! /opt/homebrew/Cellar/icarus-verilog/12.0/bin/vvp
:ivl_version "12.0 (stable)";
:ivl_delay_selection "TYPICAL";
:vpi_time_precision - 12;
:vpi_module "/opt/homebrew/Cellar/icarus-verilog/12.0/lib/ivl/system.vpi";
:vpi_module "/opt/homebrew/Cellar/icarus-verilog/12.0/lib/ivl/vhdl_sys.vpi";
:vpi_module "/opt/homebrew/Cellar/icarus-verilog/12.0/lib/ivl/vhdl_textio.vpi";
:vpi_module "/opt/homebrew/Cellar/icarus-verilog/12.0/lib/ivl/v2005_math.vpi";
:vpi_module "/opt/homebrew/Cellar/icarus-verilog/12.0/lib/ivl/va_math.vpi";
:vpi_module "/opt/homebrew/Cellar/icarus-verilog/12.0/lib/ivl/v2009.vpi";
S_0x122e091a0 .scope package, "$unit" "$unit" 2 1;
 .timescale 0 0;
S_0x122e09310 .scope module, "counter_tb" "counter_tb" 3 4;
 .timescale -9 -12;
P_0x122e07ee0 .param/l "CLOCK_CYCLE_TIME" 1 3 7, C4<0000000000000000000000000000000000000000000000000000000000001010>;
P_0x122e07f20 .param/l "WIDTH" 1 3 6, +C4<00000000000000000000000000000100>;
v0x122e1ea10_0 .var "clk", 0 0;
v0x122e1eab0_0 .var "nrst", 0 0;
v0x122e1eb60_0 .net "out", 3 0, v0x122e1e980_0;  1 drivers
E_0x122e09960 .event negedge, v0x122e0ea80_0;
S_0x122e07890 .scope begin, "clk_generate" "clk_generate" 3 20, 3 20 0, S_0x122e09310;
 .timescale -9 -12;
S_0x122e07a00 .scope module, "dut" "counter" 3 24, 4 1 0, S_0x122e09310;
 .timescale -9 -12;
    .port_info 0 /INPUT 1 "clk";
    .port_info 1 /INPUT 1 "nrst";
    .port_info 2 /OUTPUT 4 "out";
P_0x122e08510 .param/l "WIDTH" 0 4 2, +C4<00000000000000000000000000000100>;
v0x122e0ea80_0 .net "clk", 0 0, v0x122e1ea10_0;  1 drivers
v0x122e1e8e0_0 .net "nrst", 0 0, v0x122e1eab0_0;  1 drivers
v0x122e1e980_0 .var "out", 3 0;
E_0x122e0ea40 .event posedge, v0x122e0ea80_0;
    .scope S_0x122e07a00;
T_0 ;
    %wait E_0x122e0ea40;
    %load/vec4 v0x122e1e8e0_0;
    %nor/r;
    %flag_set/vec4 8;
    %jmp/0xz  T_0.0, 8;
    %pushi/vec4 0, 0, 4;
    %store/vec4 v0x122e1e980_0, 0, 4;
    %jmp T_0.1;
T_0.0 ;
    %load/vec4 v0x122e1e980_0;
    %addi 1, 0, 4;
    %store/vec4 v0x122e1e980_0, 0, 4;
T_0.1 ;
    %jmp T_0;
    .thread T_0;
    .scope S_0x122e09310;
T_1 ;
    %pushi/vec4 0, 0, 1;
    %store/vec4 v0x122e1ea10_0, 0, 1;
    %pushi/vec4 1, 0, 1;
    %store/vec4 v0x122e1eab0_0, 0, 1;
    %end;
    .thread T_1, $init;
    .scope S_0x122e09310;
T_2 ;
    %vpi_call/w 3 16 "$dumpfile", "out.vcd" {0 0 0};
    %vpi_call/w 3 17 "$dumpvars", 32'sb00000000000000000000000000000001, S_0x122e07a00 {0 0 0};
    %end;
    .thread T_2;
    .scope S_0x122e09310;
T_3 ;
    %fork t_1, S_0x122e07890;
    %jmp t_0;
    .scope S_0x122e07890;
t_1 ;
    %delay 5000, 0;
    %load/vec4 v0x122e1ea10_0;
    %inv;
    %store/vec4 v0x122e1ea10_0, 0, 1;
    %end;
    .scope S_0x122e09310;
t_0 %join;
    %jmp T_3;
    .thread T_3;
    .scope S_0x122e09310;
T_4 ;
    %delay 1000, 0;
    %pushi/vec4 0, 0, 1;
    %store/vec4 v0x122e1eab0_0, 0, 1;
    %wait E_0x122e09960;
    %pushi/vec4 1, 0, 1;
    %store/vec4 v0x122e1eab0_0, 0, 1;
    %delay 50000, 0;
    %vpi_call/w 3 33 "$finish" {0 0 0};
    %end;
    .thread T_4;
# The file index is used to find the file name in the following table.
:file_names 5;
    "N/A";
    "<interactive>";
    "-";
    "counter_tb.sv";
    "./counter.sv";
